C:\USERS\KYZX\DESKTOP\IEEE_802.15.3C_V3.4.8\IEEE_802.15.3C_V3.4.7\DEBUG\EITEMPLATE.EXE
C:\USERS\KYZX\DESKTOP\IEEE_802.15.3C_V3.4.8\IEEE_802.15.3C_V3.4.7\DEBUG\EITEMPLATE.ILK
C:\USERS\KYZX\DESKTOP\IEEE_802.15.3C_V3.4.8\IEEE_802.15.3C_V3.4.7\DEBUG\EITEMPLATE.PDB
C:\USERS\KYZX\DESKTOP\IEEE_802.15.3C_V3.4.8\IEEE_802.15.3C_V3.4.7\EITEMPLATE\DEBUG\AV_CONENCODER.OBJ
C:\USERS\KYZX\DESKTOP\IEEE_802.15.3C_V3.4.8\IEEE_802.15.3C_V3.4.7\EITEMPLATE\DEBUG\AV_CONENCODER_HEADER.OBJ
C:\USERS\KYZX\DESKTOP\IEEE_802.15.3C_V3.4.8\IEEE_802.15.3C_V3.4.7\EITEMPLATE\DEBUG\AV_GENHEADER_LRP.OBJ
C:\USERS\KYZX\DESKTOP\IEEE_802.15.3C_V3.4.8\IEEE_802.15.3C_V3.4.7\EITEMPLATE\DEBUG\AV_GENPREAMBLE_HRP.OBJ
C:\USERS\KYZX\DESKTOP\IEEE_802.15.3C_V3.4.8\IEEE_802.15.3C_V3.4.7\EITEMPLATE\DEBUG\AV_GENPREAMBLE_LRP.OBJ
C:\USERS\KYZX\DESKTOP\IEEE_802.15.3C_V3.4.8\IEEE_802.15.3C_V3.4.7\EITEMPLATE\DEBUG\AV_HCS_ENCODER.OBJ
C:\USERS\KYZX\DESKTOP\IEEE_802.15.3C_V3.4.8\IEEE_802.15.3C_V3.4.7\EITEMPLATE\DEBUG\AV_INNER_INTERLEAVER.OBJ
C:\USERS\KYZX\DESKTOP\IEEE_802.15.3C_V3.4.8\IEEE_802.15.3C_V3.4.7\EITEMPLATE\DEBUG\AV_MULTIPLEXER.OBJ
C:\USERS\KYZX\DESKTOP\IEEE_802.15.3C_V3.4.8\IEEE_802.15.3C_V3.4.7\EITEMPLATE\DEBUG\AV_MULTIPLEXER_HEADER.OBJ
C:\USERS\KYZX\DESKTOP\IEEE_802.15.3C_V3.4.8\IEEE_802.15.3C_V3.4.7\EITEMPLATE\DEBUG\AV_OFDMER.OBJ
C:\USERS\KYZX\DESKTOP\IEEE_802.15.3C_V3.4.8\IEEE_802.15.3C_V3.4.7\EITEMPLATE\DEBUG\AV_OFDMER_LRP.OBJ
C:\USERS\KYZX\DESKTOP\IEEE_802.15.3C_V3.4.8\IEEE_802.15.3C_V3.4.7\EITEMPLATE\DEBUG\AV_OUTER_INTERLEAVER.OBJ
C:\USERS\KYZX\DESKTOP\IEEE_802.15.3C_V3.4.8\IEEE_802.15.3C_V3.4.7\EITEMPLATE\DEBUG\AV_RSENCODER.OBJ
C:\USERS\KYZX\DESKTOP\IEEE_802.15.3C_V3.4.8\IEEE_802.15.3C_V3.4.7\EITEMPLATE\DEBUG\AV_SCS_ENCODER.OBJ
C:\USERS\KYZX\DESKTOP\IEEE_802.15.3C_V3.4.8\IEEE_802.15.3C_V3.4.7\EITEMPLATE\DEBUG\AV_SPLITTER.OBJ
C:\USERS\KYZX\DESKTOP\IEEE_802.15.3C_V3.4.8\IEEE_802.15.3C_V3.4.7\EITEMPLATE\DEBUG\AV_TX_MODULATION.OBJ
C:\USERS\KYZX\DESKTOP\IEEE_802.15.3C_V3.4.8\IEEE_802.15.3C_V3.4.7\EITEMPLATE\DEBUG\AV_TX_MODULATION_LRP.OBJ
C:\USERS\KYZX\DESKTOP\IEEE_802.15.3C_V3.4.8\IEEE_802.15.3C_V3.4.7\EITEMPLATE\DEBUG\BI2DE_RS.OBJ
C:\USERS\KYZX\DESKTOP\IEEE_802.15.3C_V3.4.8\IEEE_802.15.3C_V3.4.7\EITEMPLATE\DEBUG\BITS2NUMS.OBJ
C:\USERS\KYZX\DESKTOP\IEEE_802.15.3C_V3.4.8\IEEE_802.15.3C_V3.4.7\EITEMPLATE\DEBUG\BLUETOOTHPROTOCAL.OBJ
C:\USERS\KYZX\DESKTOP\IEEE_802.15.3C_V3.4.8\IEEE_802.15.3C_V3.4.7\EITEMPLATE\DEBUG\C.OBJ
C:\USERS\KYZX\DESKTOP\IEEE_802.15.3C_V3.4.8\IEEE_802.15.3C_V3.4.7\EITEMPLATE\DEBUG\CEIL.OBJ
C:\USERS\KYZX\DESKTOP\IEEE_802.15.3C_V3.4.8\IEEE_802.15.3C_V3.4.7\EITEMPLATE\DEBUG\CHANNEL.OBJ
C:\Users\Kyzx\Desktop\IEEE_802.15.3c_v3.4.8\IEEE_802.15.3c_v3.4.7\eiTemplate\Debug\cl.command.1.tlog
C:\Users\Kyzx\Desktop\IEEE_802.15.3c_v3.4.8\IEEE_802.15.3c_v3.4.7\eiTemplate\Debug\CL.read.1.tlog
C:\Users\Kyzx\Desktop\IEEE_802.15.3c_v3.4.8\IEEE_802.15.3c_v3.4.7\eiTemplate\Debug\CL.write.1.tlog
C:\USERS\KYZX\DESKTOP\IEEE_802.15.3C_V3.4.8\IEEE_802.15.3C_V3.4.7\EITEMPLATE\DEBUG\CONENCODER.OBJ
C:\USERS\KYZX\DESKTOP\IEEE_802.15.3C_V3.4.8\IEEE_802.15.3C_V3.4.7\EITEMPLATE\DEBUG\DE2BI_RS.OBJ
C:\USERS\KYZX\DESKTOP\IEEE_802.15.3C_V3.4.8\IEEE_802.15.3C_V3.4.7\EITEMPLATE\DEBUG\EITEMPLATE.EXE.EMBED.MANIFEST
C:\USERS\KYZX\DESKTOP\IEEE_802.15.3C_V3.4.8\IEEE_802.15.3C_V3.4.7\EITEMPLATE\DEBUG\EITEMPLATE.EXE.EMBED.MANIFEST.RES
C:\USERS\KYZX\DESKTOP\IEEE_802.15.3C_V3.4.8\IEEE_802.15.3C_V3.4.7\EITEMPLATE\DEBUG\EITEMPLATE.EXE.INTERMEDIATE.MANIFEST
C:\USERS\KYZX\DESKTOP\IEEE_802.15.3C_V3.4.8\IEEE_802.15.3C_V3.4.7\EITEMPLATE\DEBUG\EITEMPLATE.OBJ
C:\USERS\KYZX\DESKTOP\IEEE_802.15.3C_V3.4.8\IEEE_802.15.3C_V3.4.7\EITEMPLATE\DEBUG\EITEMPLATE.PCH
C:\USERS\KYZX\DESKTOP\IEEE_802.15.3C_V3.4.8\IEEE_802.15.3C_V3.4.7\EITEMPLATE\DEBUG\EITEMPLATE.RES
C:\Users\Kyzx\Desktop\IEEE_802.15.3c_v3.4.8\IEEE_802.15.3c_v3.4.7\eiTemplate\Debug\eiTemplate.vcxprojResolveAssemblyReference.cache
C:\Users\Kyzx\Desktop\IEEE_802.15.3c_v3.4.8\IEEE_802.15.3c_v3.4.7\eiTemplate\Debug\eiTemplate.write.1.tlog
C:\Users\Kyzx\Desktop\IEEE_802.15.3c_v3.4.8\IEEE_802.15.3c_v3.4.7\eiTemplate\Debug\eiTemplate_manifest.rc
C:\USERS\KYZX\DESKTOP\IEEE_802.15.3C_V3.4.8\IEEE_802.15.3C_V3.4.7\EITEMPLATE\DEBUG\EITEMPLATEDOC.OBJ
C:\USERS\KYZX\DESKTOP\IEEE_802.15.3C_V3.4.8\IEEE_802.15.3C_V3.4.7\EITEMPLATE\DEBUG\EITEMPLATEVIEW.OBJ
C:\USERS\KYZX\DESKTOP\IEEE_802.15.3C_V3.4.8\IEEE_802.15.3C_V3.4.7\EITEMPLATE\DEBUG\FRAMEDIAG.OBJ
C:\USERS\KYZX\DESKTOP\IEEE_802.15.3C_V3.4.8\IEEE_802.15.3C_V3.4.7\EITEMPLATE\DEBUG\FUNC.OBJ
C:\USERS\KYZX\DESKTOP\IEEE_802.15.3C_V3.4.8\IEEE_802.15.3C_V3.4.7\EITEMPLATE\DEBUG\GEN_PRBS.OBJ
C:\USERS\KYZX\DESKTOP\IEEE_802.15.3C_V3.4.8\IEEE_802.15.3C_V3.4.7\EITEMPLATE\DEBUG\GENAV.OBJ
C:\USERS\KYZX\DESKTOP\IEEE_802.15.3C_V3.4.8\IEEE_802.15.3C_V3.4.7\EITEMPLATE\DEBUG\GENAV_LRP.OBJ
C:\USERS\KYZX\DESKTOP\IEEE_802.15.3C_V3.4.8\IEEE_802.15.3C_V3.4.7\EITEMPLATE\DEBUG\GENHSI.OBJ
C:\USERS\KYZX\DESKTOP\IEEE_802.15.3C_V3.4.8\IEEE_802.15.3C_V3.4.7\EITEMPLATE\DEBUG\GENLDPCGENMATRIX.OBJ
C:\USERS\KYZX\DESKTOP\IEEE_802.15.3C_V3.4.8\IEEE_802.15.3C_V3.4.7\EITEMPLATE\DEBUG\GENLDPCPARITY.OBJ
C:\USERS\KYZX\DESKTOP\IEEE_802.15.3C_V3.4.8\IEEE_802.15.3C_V3.4.7\EITEMPLATE\DEBUG\GENSC.OBJ
C:\USERS\KYZX\DESKTOP\IEEE_802.15.3C_V3.4.8\IEEE_802.15.3C_V3.4.7\EITEMPLATE\DEBUG\GRAPHCCDF.OBJ
C:\USERS\KYZX\DESKTOP\IEEE_802.15.3C_V3.4.8\IEEE_802.15.3C_V3.4.7\EITEMPLATE\DEBUG\GRAPHWAVE.OBJ
C:\USERS\KYZX\DESKTOP\IEEE_802.15.3C_V3.4.8\IEEE_802.15.3C_V3.4.7\EITEMPLATE\DEBUG\HCS_ENCODER.OBJ
C:\USERS\KYZX\DESKTOP\IEEE_802.15.3C_V3.4.8\IEEE_802.15.3C_V3.4.7\EITEMPLATE\DEBUG\HEX2BINARY.OBJ
C:\USERS\KYZX\DESKTOP\IEEE_802.15.3C_V3.4.8\IEEE_802.15.3C_V3.4.7\EITEMPLATE\DEBUG\HSI_FECENCODER.OBJ
C:\USERS\KYZX\DESKTOP\IEEE_802.15.3C_V3.4.8\IEEE_802.15.3C_V3.4.7\EITEMPLATE\DEBUG\HSI_GENPREAMBLE.OBJ
C:\USERS\KYZX\DESKTOP\IEEE_802.15.3C_V3.4.8\IEEE_802.15.3C_V3.4.7\EITEMPLATE\DEBUG\HSI_INTERLEAVER.OBJ
C:\USERS\KYZX\DESKTOP\IEEE_802.15.3C_V3.4.8\IEEE_802.15.3C_V3.4.7\EITEMPLATE\DEBUG\HSI_LDPCENCODER.OBJ
C:\USERS\KYZX\DESKTOP\IEEE_802.15.3C_V3.4.8\IEEE_802.15.3C_V3.4.7\EITEMPLATE\DEBUG\HSI_OFDMER.OBJ
C:\USERS\KYZX\DESKTOP\IEEE_802.15.3C_V3.4.8\IEEE_802.15.3C_V3.4.7\EITEMPLATE\DEBUG\HSI_OFDMER_HEADER.OBJ
C:\USERS\KYZX\DESKTOP\IEEE_802.15.3C_V3.4.8\IEEE_802.15.3C_V3.4.7\EITEMPLATE\DEBUG\HSI_SCRAMBLER.OBJ
C:\USERS\KYZX\DESKTOP\IEEE_802.15.3C_V3.4.8\IEEE_802.15.3C_V3.4.7\EITEMPLATE\DEBUG\HSI_SPREADER.OBJ
C:\USERS\KYZX\DESKTOP\IEEE_802.15.3C_V3.4.8\IEEE_802.15.3C_V3.4.7\EITEMPLATE\DEBUG\HSI_TONEINTER.OBJ
C:\USERS\KYZX\DESKTOP\IEEE_802.15.3C_V3.4.8\IEEE_802.15.3C_V3.4.7\EITEMPLATE\DEBUG\HSI_TX_MODULATION.OBJ
C:\USERS\KYZX\DESKTOP\IEEE_802.15.3C_V3.4.8\IEEE_802.15.3C_V3.4.7\EITEMPLATE\DEBUG\IFFT_FFT.OBJ
C:\Users\Kyzx\Desktop\IEEE_802.15.3c_v3.4.8\IEEE_802.15.3c_v3.4.7\eiTemplate\Debug\link.command.1.tlog
C:\Users\Kyzx\Desktop\IEEE_802.15.3c_v3.4.8\IEEE_802.15.3c_v3.4.7\eiTemplate\Debug\link.read.1.tlog
C:\Users\Kyzx\Desktop\IEEE_802.15.3c_v3.4.8\IEEE_802.15.3c_v3.4.7\eiTemplate\Debug\link.write.1.tlog
C:\Users\Kyzx\Desktop\IEEE_802.15.3c_v3.4.8\IEEE_802.15.3c_v3.4.7\eiTemplate\Debug\link-cvtres.read.1.tlog
C:\Users\Kyzx\Desktop\IEEE_802.15.3c_v3.4.8\IEEE_802.15.3c_v3.4.7\eiTemplate\Debug\link-cvtres.write.1.tlog
C:\USERS\KYZX\DESKTOP\IEEE_802.15.3C_V3.4.8\IEEE_802.15.3C_V3.4.7\EITEMPLATE\DEBUG\MACCONFIG_HSI.OBJ
C:\USERS\KYZX\DESKTOP\IEEE_802.15.3C_V3.4.8\IEEE_802.15.3C_V3.4.7\EITEMPLATE\DEBUG\MACCONFIG_SC.OBJ
C:\USERS\KYZX\DESKTOP\IEEE_802.15.3C_V3.4.8\IEEE_802.15.3C_V3.4.7\EITEMPLATE\DEBUG\MACDIAG.OBJ
C:\USERS\KYZX\DESKTOP\IEEE_802.15.3C_V3.4.8\IEEE_802.15.3C_V3.4.7\EITEMPLATE\DEBUG\MAINFRM.OBJ
C:\USERS\KYZX\DESKTOP\IEEE_802.15.3C_V3.4.8\IEEE_802.15.3C_V3.4.7\EITEMPLATE\DEBUG\MOD.OBJ
C:\Users\Kyzx\Desktop\IEEE_802.15.3c_v3.4.8\IEEE_802.15.3c_v3.4.7\eiTemplate\Debug\mt.command.1.tlog
C:\Users\Kyzx\Desktop\IEEE_802.15.3c_v3.4.8\IEEE_802.15.3c_v3.4.7\eiTemplate\Debug\mt.read.1.tlog
C:\Users\Kyzx\Desktop\IEEE_802.15.3c_v3.4.8\IEEE_802.15.3c_v3.4.7\eiTemplate\Debug\mt.write.1.tlog
C:\USERS\KYZX\DESKTOP\IEEE_802.15.3C_V3.4.8\IEEE_802.15.3C_V3.4.7\EITEMPLATE\DEBUG\MYSPLITTERWND.OBJ
C:\USERS\KYZX\DESKTOP\IEEE_802.15.3C_V3.4.8\IEEE_802.15.3C_V3.4.7\EITEMPLATE\DEBUG\NUM2BITS.OBJ
C:\Users\Kyzx\Desktop\IEEE_802.15.3c_v3.4.8\IEEE_802.15.3c_v3.4.7\eiTemplate\Debug\rc.command.1.tlog
C:\Users\Kyzx\Desktop\IEEE_802.15.3c_v3.4.8\IEEE_802.15.3c_v3.4.7\eiTemplate\Debug\rc.read.1.tlog
C:\Users\Kyzx\Desktop\IEEE_802.15.3c_v3.4.8\IEEE_802.15.3c_v3.4.7\eiTemplate\Debug\rc.write.1.tlog
C:\USERS\KYZX\DESKTOP\IEEE_802.15.3C_V3.4.8\IEEE_802.15.3C_V3.4.7\EITEMPLATE\DEBUG\ROTATEZ.OBJ
C:\USERS\KYZX\DESKTOP\IEEE_802.15.3C_V3.4.8\IEEE_802.15.3C_V3.4.7\EITEMPLATE\DEBUG\RS_ENCODER.OBJ
C:\USERS\KYZX\DESKTOP\IEEE_802.15.3C_V3.4.8\IEEE_802.15.3C_V3.4.7\EITEMPLATE\DEBUG\RS_ENCODER_SHORTENED.OBJ
C:\USERS\KYZX\DESKTOP\IEEE_802.15.3C_V3.4.8\IEEE_802.15.3C_V3.4.7\EITEMPLATE\DEBUG\SC_BPSK.OBJ
C:\USERS\KYZX\DESKTOP\IEEE_802.15.3C_V3.4.8\IEEE_802.15.3C_V3.4.7\EITEMPLATE\DEBUG\SC_FECENCODER.OBJ
C:\USERS\KYZX\DESKTOP\IEEE_802.15.3C_V3.4.8\IEEE_802.15.3C_V3.4.7\EITEMPLATE\DEBUG\SC_GENPREAMBLE.OBJ
C:\USERS\KYZX\DESKTOP\IEEE_802.15.3C_V3.4.8\IEEE_802.15.3C_V3.4.7\EITEMPLATE\DEBUG\SC_LFSR.OBJ
C:\USERS\KYZX\DESKTOP\IEEE_802.15.3C_V3.4.8\IEEE_802.15.3C_V3.4.7\EITEMPLATE\DEBUG\SC_PCESINSERTER.OBJ
C:\USERS\KYZX\DESKTOP\IEEE_802.15.3C_V3.4.8\IEEE_802.15.3C_V3.4.7\EITEMPLATE\DEBUG\SC_SPREADER.OBJ
C:\USERS\KYZX\DESKTOP\IEEE_802.15.3C_V3.4.8\IEEE_802.15.3C_V3.4.7\EITEMPLATE\DEBUG\SC_SUBBUILDER.OBJ
C:\USERS\KYZX\DESKTOP\IEEE_802.15.3C_V3.4.8\IEEE_802.15.3C_V3.4.7\EITEMPLATE\DEBUG\SC_TX_MODULATION.OBJ
C:\USERS\KYZX\DESKTOP\IEEE_802.15.3C_V3.4.8\IEEE_802.15.3C_V3.4.7\EITEMPLATE\DEBUG\SCRAMBLER.OBJ
C:\USERS\KYZX\DESKTOP\IEEE_802.15.3C_V3.4.8\IEEE_802.15.3C_V3.4.7\EITEMPLATE\DEBUG\SCRAMBLER_GEN_PRBS.OBJ
C:\USERS\KYZX\DESKTOP\IEEE_802.15.3C_V3.4.8\IEEE_802.15.3C_V3.4.7\EITEMPLATE\DEBUG\SCRAMBLER_GEN_PRBS_LRP.OBJ
C:\USERS\KYZX\DESKTOP\IEEE_802.15.3C_V3.4.8\IEEE_802.15.3C_V3.4.7\EITEMPLATE\DEBUG\SCRAMBLER_LRP.OBJ
C:\USERS\KYZX\DESKTOP\IEEE_802.15.3C_V3.4.8\IEEE_802.15.3C_V3.4.7\EITEMPLATE\DEBUG\SIGNALSOURCE.OBJ
C:\USERS\KYZX\DESKTOP\IEEE_802.15.3C_V3.4.8\IEEE_802.15.3C_V3.4.7\EITEMPLATE\DEBUG\SPLASH.OBJ
C:\USERS\KYZX\DESKTOP\IEEE_802.15.3C_V3.4.8\IEEE_802.15.3C_V3.4.7\EITEMPLATE\DEBUG\STDAFX.OBJ
C:\USERS\KYZX\DESKTOP\IEEE_802.15.3C_V3.4.8\IEEE_802.15.3C_V3.4.7\EITEMPLATE\DEBUG\STUFFBITS_HRP.OBJ
C:\USERS\KYZX\DESKTOP\IEEE_802.15.3C_V3.4.8\IEEE_802.15.3C_V3.4.7\EITEMPLATE\DEBUG\STUFFBITS_HSI.OBJ
C:\USERS\KYZX\DESKTOP\IEEE_802.15.3C_V3.4.8\IEEE_802.15.3C_V3.4.7\EITEMPLATE\DEBUG\STUFFBITS_SC.OBJ
C:\USERS\KYZX\DESKTOP\IEEE_802.15.3C_V3.4.8\IEEE_802.15.3C_V3.4.7\EITEMPLATE\DEBUG\SYSCONFIGWIZARD.OBJ
C:\USERS\KYZX\DESKTOP\IEEE_802.15.3C_V3.4.8\IEEE_802.15.3C_V3.4.7\EITEMPLATE\DEBUG\SYSCONFIGWIZARDSTEP1.OBJ
C:\USERS\KYZX\DESKTOP\IEEE_802.15.3C_V3.4.8\IEEE_802.15.3C_V3.4.7\EITEMPLATE\DEBUG\SYSCONFIGWIZARDSTEP2.OBJ
C:\USERS\KYZX\DESKTOP\IEEE_802.15.3C_V3.4.8\IEEE_802.15.3C_V3.4.7\EITEMPLATE\DEBUG\SYSCONFIGWIZARDSTEP3.OBJ
C:\USERS\KYZX\DESKTOP\IEEE_802.15.3C_V3.4.8\IEEE_802.15.3C_V3.4.7\EITEMPLATE\DEBUG\SYSCONFIGWIZARDSTEP3VIEWDETAIL.OBJ
C:\USERS\KYZX\DESKTOP\IEEE_802.15.3C_V3.4.8\IEEE_802.15.3C_V3.4.7\EITEMPLATE\DEBUG\SYSCONFIGWIZARDSTEP4.OBJ
C:\USERS\KYZX\DESKTOP\IEEE_802.15.3C_V3.4.8\IEEE_802.15.3C_V3.4.7\EITEMPLATE\DEBUG\SYSCONFIGWIZARDSTEP5.OBJ
C:\USERS\KYZX\DESKTOP\IEEE_802.15.3C_V3.4.8\IEEE_802.15.3C_V3.4.7\EITEMPLATE\DEBUG\SYSCONFIGWIZARDSTEP6.OBJ
C:\USERS\KYZX\DESKTOP\IEEE_802.15.3C_V3.4.8\IEEE_802.15.3C_V3.4.7\EITEMPLATE\DEBUG\TABCARRIER.OBJ
C:\USERS\KYZX\DESKTOP\IEEE_802.15.3C_V3.4.8\IEEE_802.15.3C_V3.4.7\EITEMPLATE\DEBUG\TABINSTRUMENT.OBJ
C:\USERS\KYZX\DESKTOP\IEEE_802.15.3C_V3.4.8\IEEE_802.15.3C_V3.4.7\EITEMPLATE\DEBUG\TABPARENT.OBJ
C:\USERS\KYZX\DESKTOP\IEEE_802.15.3C_V3.4.8\IEEE_802.15.3C_V3.4.7\EITEMPLATE\DEBUG\TABPROTOCOLCONFIG.OBJ
C:\Users\Kyzx\Desktop\IEEE_802.15.3c_v3.4.8\IEEE_802.15.3c_v3.4.7\eiTemplate\Debug\vc100.idb
C:\USERS\KYZX\DESKTOP\IEEE_802.15.3C_V3.4.8\IEEE_802.15.3C_V3.4.7\EITEMPLATE\DEBUG\VC100.PDB
C:\USERS\KYZX\DESKTOP\IEEE_802.15.3C_V3.4.8\IEEE_802.15.3C_V3.4.7\EITEMPLATE\DEBUG\W.OBJ
C:\USERS\KYZX\DESKTOP\IEEE_802.15.3C_V3.4.8\IEEE_802.15.3C_V3.4.7\EITEMPLATE\DEBUG\WAVEFORM_GENERATOR_3C.OBJ
