生成启动时间为 2016/3/6 21:48:52。
     1>项目“E:\kyzx\41project\BlueTooth_v3.1_copy\eiTemplate\eiTemplate.vcxproj”在节点 2 上(build 个目标)。
     1>InitializeBuildStatus:
         正在对“Release\eiTemplate.unsuccessfulbuild”执行 Touch 任务。
       ClCompile:
         所有输出均为最新。
         所有输出均为最新。
       ResourceCompile:
         所有输出均为最新。
       Link:
         C:\Program Files (x86)\Microsoft Visual Studio 10.0\VC\bin\link.exe /ERRORREPORT:PROMPT /OUT:"E:\kyzx\41project\BlueTooth_v3.1_copy\Release\eiTemplate.exe" /INCREMENTAL:NO /NOLOGO /MANIFEST /ManifestFile:"Release\eiTemplate.exe.intermediate.manifest" /MANIFESTUAC:"level='asInvoker' uiAccess='false'" /DEBUG /PDB:"E:\kyzx\41project\BlueTooth_v3.1_copy\Release\eiTemplate.pdb" /SUBSYSTEM:WINDOWS /OPT:REF /OPT:ICF /LTCG /TLBID:1 /DYNAMICBASE /NXCOMPAT /IMPLIB:"E:\kyzx\41project\BlueTooth_v3.1_copy\Release\eiTemplate.lib" /MACHINE:X86 Release\eiTemplate.res
         Release\153c_Protocal.obj
         Release\BlueToothProtocal.obj
         Release\C.obj
         Release\eiTemplate.obj
         Release\eiTemplateDoc.obj
         Release\eiTemplateView.obj
         Release\func.obj
         Release\GraphCCDF.obj
         Release\GraphWAVE.obj
         Release\MainFrm.obj
         Release\MySplitterWnd.obj
         Release\Splash.obj
         Release\stdafx.obj
         Release\SysConfigWizard.obj
         Release\SysConfigWizardStep1.obj
         Release\SysConfigWizardStep2.obj
         Release\SysConfigWizardStep3.obj
         Release\SysConfigWizardStep3ViewDetail.obj
         Release\SysConfigWizardStep4.obj
         Release\SysConfigWizardStep5.obj
         Release\SysConfigWizardStep6.obj
         Release\TabCarrier.obj
         Release\TabInstrument.obj
         Release\TabParent.obj
         Release\TabProtocolConfig.obj
         Release\W.obj
     1>MainFrm.obj : error LNK2001: 无法解析的外部符号 _viClose@4
     1>MainFrm.obj : error LNK2001: 无法解析的外部符号 _HtmlHelpA@16
     1>MainFrm.obj : error LNK2001: 无法解析的外部符号 _viOpenDefaultRM@4
     1>MainFrm.obj : error LNK2001: 无法解析的外部符号 _viOpen@20
     1>MainFrm.obj : error LNK2001: 无法解析的外部符号 _viSetAttribute@12
     1>MainFrm.obj : error LNK2001: 无法解析的外部符号 _viWrite@16
     1>MainFrm.obj : error LNK2001: 无法解析的外部符号 _viClear@4
     1>MainFrm.obj : error LNK2001: 无法解析的外部符号 _viRead@16
     1>E:\kyzx\41project\BlueTooth_v3.1_copy\Release\eiTemplate.exe : fatal error LNK1120: 8 个无法解析的外部命令
     1>已完成生成项目“E:\kyzx\41project\BlueTooth_v3.1_copy\eiTemplate\eiTemplate.vcxproj”(build 个目标)的操作 - 失败。

生成失败。

已用时间 00:00:00.67
